Warning: INST w/ opcode   0
-----------------------
NUM=3
OPC=OPC_I_TYPE
INST=0xfe010113
x2=0xffffffe0
PC=0x000100f0
-----------------------
NUM=4
OPC=OPC_STORE
INST=0x00112e23
M[0xfffffffc]=0x00000000
PC=0x000100f4
-----------------------
NUM=5
OPC=OPC_STORE
INST=0x00812c23
M[0xfffffff8]=0x00000000
PC=0x000100f8
-----------------------
NUM=6
OPC=OPC_I_TYPE
INST=0x02010413
x8=0x00000000
PC=0x000100fc
Warning: INST w/ opcode   0
-----------------------
NUM=7
OPC=OPC_I_TYPE
INST=0x00500513
x10=0x00000005
PC=0x00010100
-----------------------
NUM=8
OPC=OPC_JAL
INST=0xf75ff0ef
x1=0x00010104
PC=0x00010074
-----------------------
NUM=11
OPC=OPC_I_TYPE
INST=0xfe010113
x2=0xffffffc0
PC=0x00010078
-----------------------
NUM=12
OPC=OPC_STORE
INST=0x00112e23
M[0xffffffdc]=0x00010104
PC=0x0001007c
-----------------------
NUM=13
OPC=OPC_STORE
INST=0x00812c23
M[0xffffffd8]=0x00000000
PC=0x00010080
-----------------------
NUM=14
OPC=OPC_STORE
INST=0x00912a23
M[0xffffffd4]=0x00000000
PC=0x00010084
-----------------------
NUM=15
OPC=OPC_I_TYPE
INST=0x02010413
x8=0xffffffe0
PC=0x00010088
-----------------------
NUM=16
OPC=OPC_STORE
INST=0xfea42623
M[0xffffffcc]=0x00000005
PC=0x0001008c
-----------------------
NUM=17
OPC=OPC_LOAD
INST=0xfec42783
x15=0x00000005
PC=0x00010090
-----------------------
NUM=19
OPC=OPC_BRANCH
INST=0x00078863
PC=0x00010094
-----------------------
NUM=20
OPC=OPC_LOAD
INST=0xfec42703
x14=0x00000005
PC=0x00010098
Warning: INST w/ opcode   0
-----------------------
NUM=21
OPC=OPC_I_TYPE
INST=0x00100793
x15=0x00000001
PC=0x0001009c
-----------------------
NUM=22
OPC=OPC_BRANCH
INST=0x00f71663
PC=0x000100a8
-----------------------
NUM=25
OPC=OPC_LOAD
INST=0xfec42783
x15=0x00000005
PC=0x000100ac
-----------------------
NUM=27
OPC=OPC_I_TYPE
INST=0xfff78793
x15=0x00000004
PC=0x000100b0
Warning: INST w/ opcode   0
-----------------------
NUM=28
OPC=OPC_I_TYPE
INST=0x00078513
x10=0x00000004
PC=0x000100b4
-----------------------
NUM=29
OPC=OPC_JAL
INST=0xfc1ff0ef
x1=0x000100b8
PC=0x00010074
-----------------------
NUM=32
OPC=OPC_I_TYPE
INST=0xfe010113
x2=0xffffffa0
PC=0x00010078
-----------------------
NUM=33
OPC=OPC_STORE
INST=0x00112e23
M[0xffffffbc]=0x000100b8
PC=0x0001007c
-----------------------
NUM=34
OPC=OPC_STORE
INST=0x00812c23
M[0xffffffb8]=0xffffffe0
PC=0x00010080
-----------------------
NUM=35
OPC=OPC_STORE
INST=0x00912a23
M[0xffffffb4]=0x00000000
PC=0x00010084
-----------------------
NUM=36
OPC=OPC_I_TYPE
INST=0x02010413
x8=0xffffffc0
PC=0x00010088
-----------------------
NUM=37
OPC=OPC_STORE
INST=0xfea42623
M[0xffffffac]=0x00000004
PC=0x0001008c
-----------------------
NUM=38
OPC=OPC_LOAD
INST=0xfec42783
x15=0x00000004
PC=0x00010090
-----------------------
NUM=40
OPC=OPC_BRANCH
INST=0x00078863
PC=0x00010094
-----------------------
NUM=41
OPC=OPC_LOAD
INST=0xfec42703
x14=0x00000004
PC=0x00010098
Warning: INST w/ opcode   0
-----------------------
NUM=42
OPC=OPC_I_TYPE
INST=0x00100793
x15=0x00000001
PC=0x0001009c
-----------------------
NUM=43
OPC=OPC_BRANCH
INST=0x00f71663
PC=0x000100a8
-----------------------
NUM=46
OPC=OPC_LOAD
INST=0xfec42783
x15=0x00000004
PC=0x000100ac
-----------------------
NUM=48
OPC=OPC_I_TYPE
INST=0xfff78793
x15=0x00000003
PC=0x000100b0
Warning: INST w/ opcode   0
-----------------------
NUM=49
OPC=OPC_I_TYPE
INST=0x00078513
x10=0x00000003
PC=0x000100b4
-----------------------
NUM=50
OPC=OPC_JAL
INST=0xfc1ff0ef
x1=0x000100b8
PC=0x00010074
-----------------------
NUM=53
OPC=OPC_I_TYPE
INST=0xfe010113
x2=0xffffff80
PC=0x00010078
-----------------------
NUM=54
OPC=OPC_STORE
INST=0x00112e23
M[0xffffff9c]=0x000100b8
PC=0x0001007c
-----------------------
NUM=55
OPC=OPC_STORE
INST=0x00812c23
M[0xffffff98]=0xffffffc0
PC=0x00010080
-----------------------
NUM=56
OPC=OPC_STORE
INST=0x00912a23
M[0xffffff94]=0x00000000
PC=0x00010084
-----------------------
NUM=57
OPC=OPC_I_TYPE
INST=0x02010413
x8=0xffffffa0
PC=0x00010088
-----------------------
NUM=58
OPC=OPC_STORE
INST=0xfea42623
M[0xffffff8c]=0x00000003
PC=0x0001008c
-----------------------
NUM=59
OPC=OPC_LOAD
INST=0xfec42783
x15=0x00000003
PC=0x00010090
-----------------------
NUM=61
OPC=OPC_BRANCH
INST=0x00078863
PC=0x00010094
-----------------------
NUM=62
OPC=OPC_LOAD
INST=0xfec42703
x14=0x00000003
PC=0x00010098
Warning: INST w/ opcode   0
-----------------------
NUM=63
OPC=OPC_I_TYPE
INST=0x00100793
x15=0x00000001
PC=0x0001009c
-----------------------
NUM=64
OPC=OPC_BRANCH
INST=0x00f71663
PC=0x000100a8
-----------------------
NUM=67
OPC=OPC_LOAD
INST=0xfec42783
x15=0x00000003
PC=0x000100ac
-----------------------
NUM=69
OPC=OPC_I_TYPE
INST=0xfff78793
x15=0x00000002
PC=0x000100b0
Warning: INST w/ opcode   0
-----------------------
NUM=70
OPC=OPC_I_TYPE
INST=0x00078513
x10=0x00000002
PC=0x000100b4
-----------------------
NUM=71
OPC=OPC_JAL
INST=0xfc1ff0ef
x1=0x000100b8
PC=0x00010074
-----------------------
NUM=74
OPC=OPC_I_TYPE
INST=0xfe010113
x2=0xffffff60
PC=0x00010078
-----------------------
NUM=75
OPC=OPC_STORE
INST=0x00112e23
M[0xffffff7c]=0x000100b8
PC=0x0001007c
-----------------------
NUM=76
OPC=OPC_STORE
INST=0x00812c23
M[0xffffff78]=0xffffffa0
PC=0x00010080
-----------------------
NUM=77
OPC=OPC_STORE
INST=0x00912a23
M[0xffffff74]=0x00000000
PC=0x00010084
-----------------------
NUM=78
OPC=OPC_I_TYPE
INST=0x02010413
x8=0xffffff80
PC=0x00010088
-----------------------
NUM=79
OPC=OPC_STORE
INST=0xfea42623
M[0xffffff6c]=0x00000002
PC=0x0001008c
-----------------------
NUM=80
OPC=OPC_LOAD
INST=0xfec42783
x15=0x00000002
PC=0x00010090
-----------------------
NUM=82
OPC=OPC_BRANCH
INST=0x00078863
PC=0x00010094
-----------------------
NUM=83
OPC=OPC_LOAD
INST=0xfec42703
x14=0x00000002
PC=0x00010098
Warning: INST w/ opcode   0
-----------------------
NUM=84
OPC=OPC_I_TYPE
INST=0x00100793
x15=0x00000001
PC=0x0001009c
-----------------------
NUM=85
OPC=OPC_BRANCH
INST=0x00f71663
PC=0x000100a8
-----------------------
NUM=88
OPC=OPC_LOAD
INST=0xfec42783
x15=0x00000002
PC=0x000100ac
-----------------------
NUM=90
OPC=OPC_I_TYPE
INST=0xfff78793
x15=0x00000001
PC=0x000100b0
Warning: INST w/ opcode   0
-----------------------
NUM=91
OPC=OPC_I_TYPE
INST=0x00078513
x10=0x00000001
PC=0x000100b4
-----------------------
NUM=92
OPC=OPC_JAL
INST=0xfc1ff0ef
x1=0x000100b8
PC=0x00010074
-----------------------
NUM=95
OPC=OPC_I_TYPE
INST=0xfe010113
x2=0xffffff40
PC=0x00010078
-----------------------
NUM=96
OPC=OPC_STORE
INST=0x00112e23
M[0xffffff5c]=0x000100b8
PC=0x0001007c
-----------------------
NUM=97
OPC=OPC_STORE
INST=0x00812c23
M[0xffffff58]=0xffffff80
PC=0x00010080
-----------------------
NUM=98
OPC=OPC_STORE
INST=0x00912a23
M[0xffffff54]=0x00000000
PC=0x00010084
-----------------------
NUM=99
OPC=OPC_I_TYPE
INST=0x02010413
x8=0xffffff60
PC=0x00010088
-----------------------
NUM=100
OPC=OPC_STORE
INST=0xfea42623
M[0xffffff4c]=0x00000001
PC=0x0001008c
-----------------------
NUM=101
OPC=OPC_LOAD
INST=0xfec42783
x15=0x00000001
PC=0x00010090
-----------------------
NUM=103
OPC=OPC_BRANCH
INST=0x00078863
PC=0x00010094
-----------------------
NUM=104
OPC=OPC_LOAD
INST=0xfec42703
x14=0x00000001
PC=0x00010098
-----------------------
NUM=105
OPC=OPC_I_TYPE
INST=0x00100793
x15=0x00000001
PC=0x0001009c
-----------------------
NUM=106
OPC=OPC_BRANCH
INST=0x00f71663
PC=0x000100a0
Warning: INST w/ opcode   0
-----------------------
NUM=107
OPC=OPC_I_TYPE
INST=0x00100793
x15=0x00000001
PC=0x000100a4
-----------------------
NUM=108
OPC=OPC_JAL
INST=0x0300006f
PC=0x000100d4
-----------------------
NUM=111
OPC=OPC_I_TYPE
INST=0x00078513
x10=0x00000001
PC=0x000100d8
-----------------------
NUM=112
OPC=OPC_LOAD
INST=0x01c12083
x1=0x000100b8
PC=0x000100dc
-----------------------
NUM=113
OPC=OPC_LOAD
INST=0x01812403
x8=0xffffff80
PC=0x000100e0
-----------------------
NUM=114
OPC=OPC_LOAD
INST=0x01412483
x9=0x00000000
PC=0x000100e4
Warning: INST w/ opcode   0
-----------------------
NUM=115
OPC=OPC_I_TYPE
INST=0x02010113
x2=0xffffff60
PC=0x000100e8
-----------------------
NUM=116
OPC=OPC_JALR
INST=0x00008067
PC=0x000100b8
-----------------------
NUM=119
OPC=OPC_I_TYPE
INST=0x00050493
x9=0x00000001
PC=0x000100bc
-----------------------
NUM=120
OPC=OPC_LOAD
INST=0xfec42783
x15=0x00000002
PC=0x000100c0
-----------------------
NUM=122
OPC=OPC_I_TYPE
INST=0xffe78793
x15=0x00000000
PC=0x000100c4
Warning: INST w/ opcode   0
-----------------------
NUM=123
OPC=OPC_I_TYPE
INST=0x00078513
x10=0x00000000
PC=0x000100c8
-----------------------
NUM=124
OPC=OPC_JAL
INST=0xfadff0ef
x1=0x000100cc
PC=0x00010074
-----------------------
NUM=127
OPC=OPC_I_TYPE
INST=0xfe010113
x2=0xffffff40
PC=0x00010078
-----------------------
NUM=128
OPC=OPC_STORE
INST=0x00112e23
M[0xffffff5c]=0x000100cc
PC=0x0001007c
-----------------------
NUM=129
OPC=OPC_STORE
INST=0x00812c23
M[0xffffff58]=0xffffff80
PC=0x00010080
-----------------------
NUM=130
OPC=OPC_STORE
INST=0x00912a23
M[0xffffff54]=0x00000001
PC=0x00010084
-----------------------
NUM=131
OPC=OPC_I_TYPE
INST=0x02010413
x8=0xffffff60
PC=0x00010088
-----------------------
NUM=132
OPC=OPC_STORE
INST=0xfea42623
M[0xffffff4c]=0x00000000
PC=0x0001008c
-----------------------
NUM=133
OPC=OPC_LOAD
INST=0xfec42783
x15=0x00000000
PC=0x00010090
Warning: INST w/ opcode   0
-----------------------
NUM=135
OPC=OPC_BRANCH
INST=0x00078863
PC=0x000100a0
Warning: INST w/ opcode   0
-----------------------
NUM=138
OPC=OPC_I_TYPE
INST=0x00100793
x15=0x00000001
PC=0x000100a4
-----------------------
NUM=139
OPC=OPC_JAL
INST=0x0300006f
PC=0x000100d4
-----------------------
NUM=142
OPC=OPC_I_TYPE
INST=0x00078513
x10=0x00000001
PC=0x000100d8
-----------------------
NUM=143
OPC=OPC_LOAD
INST=0x01c12083
x1=0x000100cc
PC=0x000100dc
-----------------------
NUM=144
OPC=OPC_LOAD
INST=0x01812403
x8=0xffffff80
PC=0x000100e0
-----------------------
NUM=145
OPC=OPC_LOAD
INST=0x01412483
x9=0x00000001
PC=0x000100e4
Warning: INST w/ opcode   0
-----------------------
NUM=146
OPC=OPC_I_TYPE
INST=0x02010113
x2=0xffffff60
PC=0x000100e8
-----------------------
NUM=147
OPC=OPC_JALR
INST=0x00008067
PC=0x000100cc
-----------------------
NUM=150
OPC=OPC_I_TYPE
INST=0x00050793
x15=0x00000001
PC=0x000100d0
-----------------------
NUM=151
OPC=OPC_R_TYPE
INST=0x00f487b3
x15=0x00000002
PC=0x000100d4
-----------------------
NUM=152
OPC=OPC_I_TYPE
INST=0x00078513
x10=0x00000002
PC=0x000100d8
-----------------------
NUM=153
OPC=OPC_LOAD
INST=0x01c12083
x1=0x000100b8
PC=0x000100dc
-----------------------
NUM=154
OPC=OPC_LOAD
INST=0x01812403
x8=0xffffffa0
PC=0x000100e0
-----------------------
NUM=155
OPC=OPC_LOAD
INST=0x01412483
x9=0x00000000
PC=0x000100e4
Warning: INST w/ opcode   0
-----------------------
NUM=156
OPC=OPC_I_TYPE
INST=0x02010113
x2=0xffffff80
PC=0x000100e8
-----------------------
NUM=157
OPC=OPC_JALR
INST=0x00008067
PC=0x000100b8
-----------------------
NUM=160
OPC=OPC_I_TYPE
INST=0x00050493
x9=0x00000002
PC=0x000100bc
-----------------------
NUM=161
OPC=OPC_LOAD
INST=0xfec42783
x15=0x00000003
PC=0x000100c0
-----------------------
NUM=163
OPC=OPC_I_TYPE
INST=0xffe78793
x15=0x00000001
PC=0x000100c4
Warning: INST w/ opcode   0
-----------------------
NUM=164
OPC=OPC_I_TYPE
INST=0x00078513
x10=0x00000001
PC=0x000100c8
-----------------------
NUM=165
OPC=OPC_JAL
INST=0xfadff0ef
x1=0x000100cc
PC=0x00010074
-----------------------
NUM=168
OPC=OPC_I_TYPE
INST=0xfe010113
x2=0xffffff60
PC=0x00010078
-----------------------
NUM=169
OPC=OPC_STORE
INST=0x00112e23
M[0xffffff7c]=0x000100cc
PC=0x0001007c
-----------------------
NUM=170
OPC=OPC_STORE
INST=0x00812c23
M[0xffffff78]=0xffffffa0
PC=0x00010080
-----------------------
NUM=171
OPC=OPC_STORE
INST=0x00912a23
M[0xffffff74]=0x00000002
PC=0x00010084
-----------------------
NUM=172
OPC=OPC_I_TYPE
INST=0x02010413
x8=0xffffff80
PC=0x00010088
-----------------------
NUM=173
OPC=OPC_STORE
INST=0xfea42623
M[0xffffff6c]=0x00000001
PC=0x0001008c
-----------------------
NUM=174
OPC=OPC_LOAD
INST=0xfec42783
x15=0x00000001
PC=0x00010090
-----------------------
NUM=176
OPC=OPC_BRANCH
INST=0x00078863
PC=0x00010094
-----------------------
NUM=177
OPC=OPC_LOAD
INST=0xfec42703
x14=0x00000001
PC=0x00010098
-----------------------
NUM=178
OPC=OPC_I_TYPE
INST=0x00100793
x15=0x00000001
PC=0x0001009c
-----------------------
NUM=179
OPC=OPC_BRANCH
INST=0x00f71663
PC=0x000100a0
Warning: INST w/ opcode   0
-----------------------
NUM=180
OPC=OPC_I_TYPE
INST=0x00100793
x15=0x00000001
PC=0x000100a4
-----------------------
NUM=181
OPC=OPC_JAL
INST=0x0300006f
PC=0x000100d4
-----------------------
NUM=184
OPC=OPC_I_TYPE
INST=0x00078513
x10=0x00000001
PC=0x000100d8
-----------------------
NUM=185
OPC=OPC_LOAD
INST=0x01c12083
x1=0x000100cc
PC=0x000100dc
-----------------------
NUM=186
OPC=OPC_LOAD
INST=0x01812403
x8=0xffffffa0
PC=0x000100e0
-----------------------
NUM=187
OPC=OPC_LOAD
INST=0x01412483
x9=0x00000002
PC=0x000100e4
Warning: INST w/ opcode   0
-----------------------
NUM=188
OPC=OPC_I_TYPE
INST=0x02010113
x2=0xffffff80
PC=0x000100e8
-----------------------
NUM=189
OPC=OPC_JALR
INST=0x00008067
PC=0x000100cc
-----------------------
NUM=192
OPC=OPC_I_TYPE
INST=0x00050793
x15=0x00000001
PC=0x000100d0
-----------------------
NUM=193
OPC=OPC_R_TYPE
INST=0x00f487b3
x15=0x00000003
PC=0x000100d4
-----------------------
NUM=194
OPC=OPC_I_TYPE
INST=0x00078513
x10=0x00000003
PC=0x000100d8
-----------------------
NUM=195
OPC=OPC_LOAD
INST=0x01c12083
x1=0x000100b8
PC=0x000100dc
-----------------------
NUM=196
OPC=OPC_LOAD
INST=0x01812403
x8=0xffffffc0
PC=0x000100e0
-----------------------
NUM=197
OPC=OPC_LOAD
INST=0x01412483
x9=0x00000000
PC=0x000100e4
Warning: INST w/ opcode   0
-----------------------
NUM=198
OPC=OPC_I_TYPE
INST=0x02010113
x2=0xffffffa0
PC=0x000100e8
-----------------------
NUM=199
OPC=OPC_JALR
INST=0x00008067
PC=0x000100b8
-----------------------
NUM=202
OPC=OPC_I_TYPE
INST=0x00050493
x9=0x00000003
PC=0x000100bc
-----------------------
NUM=203
OPC=OPC_LOAD
INST=0xfec42783
x15=0x00000004
PC=0x000100c0
-----------------------
NUM=205
OPC=OPC_I_TYPE
INST=0xffe78793
x15=0x00000002
PC=0x000100c4
Warning: INST w/ opcode   0
-----------------------
NUM=206
OPC=OPC_I_TYPE
INST=0x00078513
x10=0x00000002
PC=0x000100c8
-----------------------
NUM=207
OPC=OPC_JAL
INST=0xfadff0ef
x1=0x000100cc
PC=0x00010074
-----------------------
NUM=210
OPC=OPC_I_TYPE
INST=0xfe010113
x2=0xffffff80
PC=0x00010078
-----------------------
NUM=211
OPC=OPC_STORE
INST=0x00112e23
M[0xffffff9c]=0x000100cc
PC=0x0001007c
-----------------------
NUM=212
OPC=OPC_STORE
INST=0x00812c23
M[0xffffff98]=0xffffffc0
PC=0x00010080
-----------------------
NUM=213
OPC=OPC_STORE
INST=0x00912a23
M[0xffffff94]=0x00000003
PC=0x00010084
-----------------------
NUM=214
OPC=OPC_I_TYPE
INST=0x02010413
x8=0xffffffa0
PC=0x00010088
-----------------------
NUM=215
OPC=OPC_STORE
INST=0xfea42623
M[0xffffff8c]=0x00000002
PC=0x0001008c
-----------------------
NUM=216
OPC=OPC_LOAD
INST=0xfec42783
x15=0x00000002
PC=0x00010090
-----------------------
NUM=218
OPC=OPC_BRANCH
INST=0x00078863
PC=0x00010094
-----------------------
NUM=219
OPC=OPC_LOAD
INST=0xfec42703
x14=0x00000002
PC=0x00010098
Warning: INST w/ opcode   0
-----------------------
NUM=220
OPC=OPC_I_TYPE
INST=0x00100793
x15=0x00000001
PC=0x0001009c
-----------------------
NUM=221
OPC=OPC_BRANCH
INST=0x00f71663
PC=0x000100a8
-----------------------
NUM=224
OPC=OPC_LOAD
INST=0xfec42783
x15=0x00000002
PC=0x000100ac
-----------------------
NUM=226
OPC=OPC_I_TYPE
INST=0xfff78793
x15=0x00000001
PC=0x000100b0
Warning: INST w/ opcode   0
-----------------------
NUM=227
OPC=OPC_I_TYPE
INST=0x00078513
x10=0x00000001
PC=0x000100b4
-----------------------
NUM=228
OPC=OPC_JAL
INST=0xfc1ff0ef
x1=0x000100b8
PC=0x00010074
-----------------------
NUM=231
OPC=OPC_I_TYPE
INST=0xfe010113
x2=0xffffff60
PC=0x00010078
-----------------------
NUM=232
OPC=OPC_STORE
INST=0x00112e23
M[0xffffff7c]=0x000100b8
PC=0x0001007c
-----------------------
NUM=233
OPC=OPC_STORE
INST=0x00812c23
M[0xffffff78]=0xffffffa0
PC=0x00010080
-----------------------
NUM=234
OPC=OPC_STORE
INST=0x00912a23
M[0xffffff74]=0x00000003
PC=0x00010084
-----------------------
NUM=235
OPC=OPC_I_TYPE
INST=0x02010413
x8=0xffffff80
PC=0x00010088
-----------------------
NUM=236
OPC=OPC_STORE
INST=0xfea42623
M[0xffffff6c]=0x00000001
PC=0x0001008c
-----------------------
NUM=237
OPC=OPC_LOAD
INST=0xfec42783
x15=0x00000001
PC=0x00010090
-----------------------
NUM=239
OPC=OPC_BRANCH
INST=0x00078863
PC=0x00010094
-----------------------
NUM=240
OPC=OPC_LOAD
INST=0xfec42703
x14=0x00000001
PC=0x00010098
-----------------------
NUM=241
OPC=OPC_I_TYPE
INST=0x00100793
x15=0x00000001
PC=0x0001009c
-----------------------
NUM=242
OPC=OPC_BRANCH
INST=0x00f71663
PC=0x000100a0
Warning: INST w/ opcode   0
-----------------------
NUM=243
OPC=OPC_I_TYPE
INST=0x00100793
x15=0x00000001
PC=0x000100a4
-----------------------
NUM=244
OPC=OPC_JAL
INST=0x0300006f
PC=0x000100d4
-----------------------
NUM=247
OPC=OPC_I_TYPE
INST=0x00078513
x10=0x00000001
PC=0x000100d8
-----------------------
NUM=248
OPC=OPC_LOAD
INST=0x01c12083
x1=0x000100b8
PC=0x000100dc
-----------------------
NUM=249
OPC=OPC_LOAD
INST=0x01812403
x8=0xffffffa0
PC=0x000100e0
-----------------------
NUM=250
OPC=OPC_LOAD
INST=0x01412483
x9=0x00000003
PC=0x000100e4
Warning: INST w/ opcode   0
-----------------------
NUM=251
OPC=OPC_I_TYPE
INST=0x02010113
x2=0xffffff80
PC=0x000100e8
-----------------------
NUM=252
OPC=OPC_JALR
INST=0x00008067
PC=0x000100b8
-----------------------
NUM=255
OPC=OPC_I_TYPE
INST=0x00050493
x9=0x00000001
PC=0x000100bc
-----------------------
NUM=256
OPC=OPC_LOAD
INST=0xfec42783
x15=0x00000002
PC=0x000100c0
-----------------------
NUM=258
OPC=OPC_I_TYPE
INST=0xffe78793
x15=0x00000000
PC=0x000100c4
Warning: INST w/ opcode   0
-----------------------
NUM=259
OPC=OPC_I_TYPE
INST=0x00078513
x10=0x00000000
PC=0x000100c8
-----------------------
NUM=260
OPC=OPC_JAL
INST=0xfadff0ef
x1=0x000100cc
PC=0x00010074
-----------------------
NUM=263
OPC=OPC_I_TYPE
INST=0xfe010113
x2=0xffffff60
PC=0x00010078
-----------------------
NUM=264
OPC=OPC_STORE
INST=0x00112e23
M[0xffffff7c]=0x000100cc
PC=0x0001007c
-----------------------
NUM=265
OPC=OPC_STORE
INST=0x00812c23
M[0xffffff78]=0xffffffa0
PC=0x00010080
-----------------------
NUM=266
OPC=OPC_STORE
INST=0x00912a23
M[0xffffff74]=0x00000001
PC=0x00010084
-----------------------
NUM=267
OPC=OPC_I_TYPE
INST=0x02010413
x8=0xffffff80
PC=0x00010088
-----------------------
NUM=268
OPC=OPC_STORE
INST=0xfea42623
M[0xffffff6c]=0x00000000
PC=0x0001008c
-----------------------
NUM=269
OPC=OPC_LOAD
INST=0xfec42783
x15=0x00000000
PC=0x00010090
Warning: INST w/ opcode   0
-----------------------
NUM=271
OPC=OPC_BRANCH
INST=0x00078863
PC=0x000100a0
Warning: INST w/ opcode   0
-----------------------
NUM=274
OPC=OPC_I_TYPE
INST=0x00100793
x15=0x00000001
PC=0x000100a4
-----------------------
NUM=275
OPC=OPC_JAL
INST=0x0300006f
PC=0x000100d4
-----------------------
NUM=278
OPC=OPC_I_TYPE
INST=0x00078513
x10=0x00000001
PC=0x000100d8
-----------------------
NUM=279
OPC=OPC_LOAD
INST=0x01c12083
x1=0x000100cc
PC=0x000100dc
-----------------------
NUM=280
OPC=OPC_LOAD
INST=0x01812403
x8=0xffffffa0
PC=0x000100e0
-----------------------
NUM=281
OPC=OPC_LOAD
INST=0x01412483
x9=0x00000001
PC=0x000100e4
Warning: INST w/ opcode   0
-----------------------
NUM=282
OPC=OPC_I_TYPE
INST=0x02010113
x2=0xffffff80
PC=0x000100e8
-----------------------
NUM=283
OPC=OPC_JALR
INST=0x00008067
PC=0x000100cc
-----------------------
NUM=286
OPC=OPC_I_TYPE
INST=0x00050793
x15=0x00000001
PC=0x000100d0
-----------------------
NUM=287
OPC=OPC_R_TYPE
INST=0x00f487b3
x15=0x00000002
PC=0x000100d4
-----------------------
NUM=288
OPC=OPC_I_TYPE
INST=0x00078513
x10=0x00000002
PC=0x000100d8
-----------------------
NUM=289
OPC=OPC_LOAD
INST=0x01c12083
x1=0x000100cc
PC=0x000100dc
-----------------------
NUM=290
OPC=OPC_LOAD
INST=0x01812403
x8=0xffffffc0
PC=0x000100e0
-----------------------
NUM=291
OPC=OPC_LOAD
INST=0x01412483
x9=0x00000003
PC=0x000100e4
Warning: INST w/ opcode   0
-----------------------
NUM=292
OPC=OPC_I_TYPE
INST=0x02010113
x2=0xffffffa0
PC=0x000100e8
-----------------------
NUM=293
OPC=OPC_JALR
INST=0x00008067
PC=0x000100cc
-----------------------
NUM=296
OPC=OPC_I_TYPE
INST=0x00050793
x15=0x00000002
PC=0x000100d0
-----------------------
NUM=297
OPC=OPC_R_TYPE
INST=0x00f487b3
x15=0x00000005
PC=0x000100d4
-----------------------
NUM=298
OPC=OPC_I_TYPE
INST=0x00078513
x10=0x00000005
PC=0x000100d8
-----------------------
NUM=299
OPC=OPC_LOAD
INST=0x01c12083
x1=0x000100b8
PC=0x000100dc
-----------------------
NUM=300
OPC=OPC_LOAD
INST=0x01812403
x8=0xffffffe0
PC=0x000100e0
-----------------------
NUM=301
OPC=OPC_LOAD
INST=0x01412483
x9=0x00000000
PC=0x000100e4
Warning: INST w/ opcode   0
-----------------------
NUM=302
OPC=OPC_I_TYPE
INST=0x02010113
x2=0xffffffc0
PC=0x000100e8
-----------------------
NUM=303
OPC=OPC_JALR
INST=0x00008067
PC=0x000100b8
-----------------------
NUM=306
OPC=OPC_I_TYPE
INST=0x00050493
x9=0x00000005
PC=0x000100bc
-----------------------
NUM=307
OPC=OPC_LOAD
INST=0xfec42783
x15=0x00000005
PC=0x000100c0
-----------------------
NUM=309
OPC=OPC_I_TYPE
INST=0xffe78793
x15=0x00000003
PC=0x000100c4
Warning: INST w/ opcode   0
-----------------------
NUM=310
OPC=OPC_I_TYPE
INST=0x00078513
x10=0x00000003
PC=0x000100c8
-----------------------
NUM=311
OPC=OPC_JAL
INST=0xfadff0ef
x1=0x000100cc
PC=0x00010074
-----------------------
NUM=314
OPC=OPC_I_TYPE
INST=0xfe010113
x2=0xffffffa0
PC=0x00010078
-----------------------
NUM=315
OPC=OPC_STORE
INST=0x00112e23
M[0xffffffbc]=0x000100cc
PC=0x0001007c
-----------------------
NUM=316
OPC=OPC_STORE
INST=0x00812c23
M[0xffffffb8]=0xffffffe0
PC=0x00010080
-----------------------
NUM=317
OPC=OPC_STORE
INST=0x00912a23
M[0xffffffb4]=0x00000005
PC=0x00010084
-----------------------
NUM=318
OPC=OPC_I_TYPE
INST=0x02010413
x8=0xffffffc0
PC=0x00010088
-----------------------
NUM=319
OPC=OPC_STORE
INST=0xfea42623
M[0xffffffac]=0x00000003
PC=0x0001008c
-----------------------
NUM=320
OPC=OPC_LOAD
INST=0xfec42783
x15=0x00000003
PC=0x00010090
-----------------------
NUM=322
OPC=OPC_BRANCH
INST=0x00078863
PC=0x00010094
-----------------------
NUM=323
OPC=OPC_LOAD
INST=0xfec42703
x14=0x00000003
PC=0x00010098
Warning: INST w/ opcode   0
-----------------------
NUM=324
OPC=OPC_I_TYPE
INST=0x00100793
x15=0x00000001
PC=0x0001009c
-----------------------
NUM=325
OPC=OPC_BRANCH
INST=0x00f71663
PC=0x000100a8
-----------------------
NUM=328
OPC=OPC_LOAD
INST=0xfec42783
x15=0x00000003
PC=0x000100ac
-----------------------
NUM=330
OPC=OPC_I_TYPE
INST=0xfff78793
x15=0x00000002
PC=0x000100b0
Warning: INST w/ opcode   0
-----------------------
NUM=331
OPC=OPC_I_TYPE
INST=0x00078513
x10=0x00000002
PC=0x000100b4
-----------------------
NUM=332
OPC=OPC_JAL
INST=0xfc1ff0ef
x1=0x000100b8
PC=0x00010074
-----------------------
NUM=335
OPC=OPC_I_TYPE
INST=0xfe010113
x2=0xffffff80
PC=0x00010078
-----------------------
NUM=336
OPC=OPC_STORE
INST=0x00112e23
M[0xffffff9c]=0x000100b8
PC=0x0001007c
-----------------------
NUM=337
OPC=OPC_STORE
INST=0x00812c23
M[0xffffff98]=0xffffffc0
PC=0x00010080
-----------------------
NUM=338
OPC=OPC_STORE
INST=0x00912a23
M[0xffffff94]=0x00000005
PC=0x00010084
-----------------------
NUM=339
OPC=OPC_I_TYPE
INST=0x02010413
x8=0xffffffa0
PC=0x00010088
-----------------------
NUM=340
OPC=OPC_STORE
INST=0xfea42623
M[0xffffff8c]=0x00000002
PC=0x0001008c
-----------------------
NUM=341
OPC=OPC_LOAD
INST=0xfec42783
x15=0x00000002
PC=0x00010090
-----------------------
NUM=343
OPC=OPC_BRANCH
INST=0x00078863
PC=0x00010094
-----------------------
NUM=344
OPC=OPC_LOAD
INST=0xfec42703
x14=0x00000002
PC=0x00010098
Warning: INST w/ opcode   0
-----------------------
NUM=345
OPC=OPC_I_TYPE
INST=0x00100793
x15=0x00000001
PC=0x0001009c
-----------------------
NUM=346
OPC=OPC_BRANCH
INST=0x00f71663
PC=0x000100a8
-----------------------
NUM=349
OPC=OPC_LOAD
INST=0xfec42783
x15=0x00000002
PC=0x000100ac
-----------------------
NUM=351
OPC=OPC_I_TYPE
INST=0xfff78793
x15=0x00000001
PC=0x000100b0
Warning: INST w/ opcode   0
-----------------------
NUM=352
OPC=OPC_I_TYPE
INST=0x00078513
x10=0x00000001
PC=0x000100b4
-----------------------
NUM=353
OPC=OPC_JAL
INST=0xfc1ff0ef
x1=0x000100b8
PC=0x00010074
-----------------------
NUM=356
OPC=OPC_I_TYPE
INST=0xfe010113
x2=0xffffff60
PC=0x00010078
-----------------------
NUM=357
OPC=OPC_STORE
INST=0x00112e23
M[0xffffff7c]=0x000100b8
PC=0x0001007c
-----------------------
NUM=358
OPC=OPC_STORE
INST=0x00812c23
M[0xffffff78]=0xffffffa0
PC=0x00010080
-----------------------
NUM=359
OPC=OPC_STORE
INST=0x00912a23
M[0xffffff74]=0x00000005
PC=0x00010084
-----------------------
NUM=360
OPC=OPC_I_TYPE
INST=0x02010413
x8=0xffffff80
PC=0x00010088
-----------------------
NUM=361
OPC=OPC_STORE
INST=0xfea42623
M[0xffffff6c]=0x00000001
PC=0x0001008c
-----------------------
NUM=362
OPC=OPC_LOAD
INST=0xfec42783
x15=0x00000001
PC=0x00010090
-----------------------
NUM=364
OPC=OPC_BRANCH
INST=0x00078863
PC=0x00010094
-----------------------
NUM=365
OPC=OPC_LOAD
INST=0xfec42703
x14=0x00000001
PC=0x00010098
-----------------------
NUM=366
OPC=OPC_I_TYPE
INST=0x00100793
x15=0x00000001
PC=0x0001009c
-----------------------
NUM=367
OPC=OPC_BRANCH
INST=0x00f71663
PC=0x000100a0
Warning: INST w/ opcode   0
-----------------------
NUM=368
OPC=OPC_I_TYPE
INST=0x00100793
x15=0x00000001
PC=0x000100a4
-----------------------
NUM=369
OPC=OPC_JAL
INST=0x0300006f
PC=0x000100d4
-----------------------
NUM=372
OPC=OPC_I_TYPE
INST=0x00078513
x10=0x00000001
PC=0x000100d8
-----------------------
NUM=373
OPC=OPC_LOAD
INST=0x01c12083
x1=0x000100b8
PC=0x000100dc
-----------------------
NUM=374
OPC=OPC_LOAD
INST=0x01812403
x8=0xffffffa0
PC=0x000100e0
-----------------------
NUM=375
OPC=OPC_LOAD
INST=0x01412483
x9=0x00000005
PC=0x000100e4
Warning: INST w/ opcode   0
-----------------------
NUM=376
OPC=OPC_I_TYPE
INST=0x02010113
x2=0xffffff80
PC=0x000100e8
-----------------------
NUM=377
OPC=OPC_JALR
INST=0x00008067
PC=0x000100b8
-----------------------
NUM=380
OPC=OPC_I_TYPE
INST=0x00050493
x9=0x00000001
PC=0x000100bc
-----------------------
NUM=381
OPC=OPC_LOAD
INST=0xfec42783
x15=0x00000002
PC=0x000100c0
-----------------------
NUM=383
OPC=OPC_I_TYPE
INST=0xffe78793
x15=0x00000000
PC=0x000100c4
Warning: INST w/ opcode   0
-----------------------
NUM=384
OPC=OPC_I_TYPE
INST=0x00078513
x10=0x00000000
PC=0x000100c8
-----------------------
NUM=385
OPC=OPC_JAL
INST=0xfadff0ef
x1=0x000100cc
PC=0x00010074
-----------------------
NUM=388
OPC=OPC_I_TYPE
INST=0xfe010113
x2=0xffffff60
PC=0x00010078
-----------------------
NUM=389
OPC=OPC_STORE
INST=0x00112e23
M[0xffffff7c]=0x000100cc
PC=0x0001007c
-----------------------
NUM=390
OPC=OPC_STORE
INST=0x00812c23
M[0xffffff78]=0xffffffa0
PC=0x00010080
-----------------------
NUM=391
OPC=OPC_STORE
INST=0x00912a23
M[0xffffff74]=0x00000001
PC=0x00010084
-----------------------
NUM=392
OPC=OPC_I_TYPE
INST=0x02010413
x8=0xffffff80
PC=0x00010088
-----------------------
NUM=393
OPC=OPC_STORE
INST=0xfea42623
M[0xffffff6c]=0x00000000
PC=0x0001008c
-----------------------
NUM=394
OPC=OPC_LOAD
INST=0xfec42783
x15=0x00000000
PC=0x00010090
Warning: INST w/ opcode   0
-----------------------
NUM=396
OPC=OPC_BRANCH
INST=0x00078863
PC=0x000100a0
Warning: INST w/ opcode   0
-----------------------
NUM=399
OPC=OPC_I_TYPE
INST=0x00100793
x15=0x00000001
PC=0x000100a4
-----------------------
NUM=400
OPC=OPC_JAL
INST=0x0300006f
PC=0x000100d4
-----------------------
NUM=403
OPC=OPC_I_TYPE
INST=0x00078513
x10=0x00000001
PC=0x000100d8
-----------------------
NUM=404
OPC=OPC_LOAD
INST=0x01c12083
x1=0x000100cc
PC=0x000100dc
-----------------------
NUM=405
OPC=OPC_LOAD
INST=0x01812403
x8=0xffffffa0
PC=0x000100e0
-----------------------
NUM=406
OPC=OPC_LOAD
INST=0x01412483
x9=0x00000001
PC=0x000100e4
Warning: INST w/ opcode   0
-----------------------
NUM=407
OPC=OPC_I_TYPE
INST=0x02010113
x2=0xffffff80
PC=0x000100e8
-----------------------
NUM=408
OPC=OPC_JALR
INST=0x00008067
PC=0x000100cc
-----------------------
NUM=411
OPC=OPC_I_TYPE
INST=0x00050793
x15=0x00000001
PC=0x000100d0
-----------------------
NUM=412
OPC=OPC_R_TYPE
INST=0x00f487b3
x15=0x00000002
PC=0x000100d4
-----------------------
NUM=413
OPC=OPC_I_TYPE
INST=0x00078513
x10=0x00000002
PC=0x000100d8
-----------------------
NUM=414
OPC=OPC_LOAD
INST=0x01c12083
x1=0x000100b8
PC=0x000100dc
-----------------------
NUM=415
OPC=OPC_LOAD
INST=0x01812403
x8=0xffffffc0
PC=0x000100e0
-----------------------
NUM=416
OPC=OPC_LOAD
INST=0x01412483
x9=0x00000005
PC=0x000100e4
Warning: INST w/ opcode   0
-----------------------
NUM=417
OPC=OPC_I_TYPE
INST=0x02010113
x2=0xffffffa0
PC=0x000100e8
-----------------------
NUM=418
OPC=OPC_JALR
INST=0x00008067
PC=0x000100b8
-----------------------
NUM=421
OPC=OPC_I_TYPE
INST=0x00050493
x9=0x00000002
PC=0x000100bc
-----------------------
NUM=422
OPC=OPC_LOAD
INST=0xfec42783
x15=0x00000003
PC=0x000100c0
-----------------------
NUM=424
OPC=OPC_I_TYPE
INST=0xffe78793
x15=0x00000001
PC=0x000100c4
Warning: INST w/ opcode   0
-----------------------
NUM=425
OPC=OPC_I_TYPE
INST=0x00078513
x10=0x00000001
PC=0x000100c8
-----------------------
NUM=426
OPC=OPC_JAL
INST=0xfadff0ef
x1=0x000100cc
PC=0x00010074
-----------------------
NUM=429
OPC=OPC_I_TYPE
INST=0xfe010113
x2=0xffffff80
PC=0x00010078
-----------------------
NUM=430
OPC=OPC_STORE
INST=0x00112e23
M[0xffffff9c]=0x000100cc
PC=0x0001007c
-----------------------
NUM=431
OPC=OPC_STORE
INST=0x00812c23
M[0xffffff98]=0xffffffc0
PC=0x00010080
-----------------------
NUM=432
OPC=OPC_STORE
INST=0x00912a23
M[0xffffff94]=0x00000002
PC=0x00010084
-----------------------
NUM=433
OPC=OPC_I_TYPE
INST=0x02010413
x8=0xffffffa0
PC=0x00010088
-----------------------
NUM=434
OPC=OPC_STORE
INST=0xfea42623
M[0xffffff8c]=0x00000001
PC=0x0001008c
-----------------------
NUM=435
OPC=OPC_LOAD
INST=0xfec42783
x15=0x00000001
PC=0x00010090
-----------------------
NUM=437
OPC=OPC_BRANCH
INST=0x00078863
PC=0x00010094
-----------------------
NUM=438
OPC=OPC_LOAD
INST=0xfec42703
x14=0x00000001
PC=0x00010098
-----------------------
NUM=439
OPC=OPC_I_TYPE
INST=0x00100793
x15=0x00000001
PC=0x0001009c
-----------------------
NUM=440
OPC=OPC_BRANCH
INST=0x00f71663
PC=0x000100a0
Warning: INST w/ opcode   0
-----------------------
NUM=441
OPC=OPC_I_TYPE
INST=0x00100793
x15=0x00000001
PC=0x000100a4
-----------------------
NUM=442
OPC=OPC_JAL
INST=0x0300006f
PC=0x000100d4
-----------------------
NUM=445
OPC=OPC_I_TYPE
INST=0x00078513
x10=0x00000001
PC=0x000100d8
-----------------------
NUM=446
OPC=OPC_LOAD
INST=0x01c12083
x1=0x000100cc
PC=0x000100dc
-----------------------
NUM=447
OPC=OPC_LOAD
INST=0x01812403
x8=0xffffffc0
PC=0x000100e0
-----------------------
NUM=448
OPC=OPC_LOAD
INST=0x01412483
x9=0x00000002
PC=0x000100e4
Warning: INST w/ opcode   0
-----------------------
NUM=449
OPC=OPC_I_TYPE
INST=0x02010113
x2=0xffffffa0
PC=0x000100e8
-----------------------
NUM=450
OPC=OPC_JALR
INST=0x00008067
PC=0x000100cc
-----------------------
NUM=453
OPC=OPC_I_TYPE
INST=0x00050793
x15=0x00000001
PC=0x000100d0
-----------------------
NUM=454
OPC=OPC_R_TYPE
INST=0x00f487b3
x15=0x00000003
PC=0x000100d4
-----------------------
NUM=455
OPC=OPC_I_TYPE
INST=0x00078513
x10=0x00000003
PC=0x000100d8
-----------------------
NUM=456
OPC=OPC_LOAD
INST=0x01c12083
x1=0x000100cc
PC=0x000100dc
-----------------------
NUM=457
OPC=OPC_LOAD
INST=0x01812403
x8=0xffffffe0
PC=0x000100e0
-----------------------
NUM=458
OPC=OPC_LOAD
INST=0x01412483
x9=0x00000005
PC=0x000100e4
Warning: INST w/ opcode   0
-----------------------
NUM=459
OPC=OPC_I_TYPE
INST=0x02010113
x2=0xffffffc0
PC=0x000100e8
-----------------------
NUM=460
OPC=OPC_JALR
INST=0x00008067
PC=0x000100cc
-----------------------
NUM=463
OPC=OPC_I_TYPE
INST=0x00050793
x15=0x00000003
PC=0x000100d0
-----------------------
NUM=464
OPC=OPC_R_TYPE
INST=0x00f487b3
x15=0x00000008
PC=0x000100d4
-----------------------
NUM=465
OPC=OPC_I_TYPE
INST=0x00078513
x10=0x00000008
PC=0x000100d8
-----------------------
NUM=466
OPC=OPC_LOAD
INST=0x01c12083
x1=0x00010104
PC=0x000100dc
-----------------------
NUM=467
OPC=OPC_LOAD
INST=0x01812403
x8=0x00000000
PC=0x000100e0
-----------------------
NUM=468
OPC=OPC_LOAD
INST=0x01412483
x9=0x00000000
PC=0x000100e4
Warning: INST w/ opcode   0
-----------------------
NUM=469
OPC=OPC_I_TYPE
INST=0x02010113
x2=0xffffffe0
PC=0x000100e8
-----------------------
NUM=470
OPC=OPC_JALR
INST=0x00008067
PC=0x00010104
-----------------------
NUM=473
OPC=OPC_STORE
INST=0xfea42623
M[0xffffffec]=0x00000008
PC=0x00010108
-----------------------
NUM=474
OPC=OPC_SYSTEM
INST=0x00000073
PC=0x0001010c

Caught halt signal at WB stage. Exiting...
- datapath.v:176: Verilog $finish
