Warning: INST w/ opcode   0
-----------------------
NUM=3
OPC=OPC_I_TYPE
INST=0xfe010113
x2=0xffffffe0
PC=0x000100ec
-----------------------
NUM=4
OPC=OPC_STORE
INST=0x00112e23
M[0xfffffffc]=0x00000000
PC=0x000100f0
-----------------------
NUM=5
OPC=OPC_STORE
INST=0x00812c23
M[0xfffffff8]=0x00000000
PC=0x000100f4
-----------------------
NUM=6
OPC=OPC_I_TYPE
INST=0x02010413
x8=0x00000000
PC=0x000100f8
Warning: INST w/ opcode   0
-----------------------
NUM=7
OPC=OPC_I_TYPE
INST=0x00500513
x10=0x00000005
PC=0x000100fc
-----------------------
NUM=8
OPC=OPC_JAL
INST=0xf79ff0ef
x1=0x00010100
PC=0x00010074
-----------------------
NUM=11
OPC=OPC_I_TYPE
INST=0xfd010113
x2=0xffffffb0
PC=0x00010078
-----------------------
NUM=12
OPC=OPC_STORE
INST=0x02812623
M[0xffffffdc]=0x00000000
PC=0x0001007c
-----------------------
NUM=13
OPC=OPC_I_TYPE
INST=0x03010413
x8=0xffffffe0
PC=0x00010080
-----------------------
NUM=14
OPC=OPC_STORE
INST=0xfca42e23
M[0xffffffbc]=0x00000005
PC=0x00010084
-----------------------
NUM=15
OPC=OPC_STORE
INST=0xfe042623
M[0xffffffcc]=0x00000000
PC=0x00010088
-----------------------
NUM=16
OPC=OPC_I_TYPE
INST=0x00100793
x15=0x00000001
PC=0x0001008c
-----------------------
NUM=17
OPC=OPC_STORE
INST=0xfef42423
M[0xffffffc8]=0x00000001
PC=0x00010090
-----------------------
NUM=18
OPC=OPC_I_TYPE
INST=0x00200793
x15=0x00000002
PC=0x00010094
Warning: INST w/ opcode   0
-----------------------
NUM=19
OPC=OPC_STORE
INST=0xfef42223
M[0xffffffc4]=0x00000002
PC=0x00010098
-----------------------
NUM=20
OPC=OPC_JAL
INST=0x0300006f
PC=0x000100c8
-----------------------
NUM=23
OPC=OPC_LOAD
INST=0xfe442703
x14=0x00000002
PC=0x000100cc
-----------------------
NUM=24
OPC=OPC_LOAD
INST=0xfdc42783
x15=0x00000005
PC=0x000100d0
Warning: INST w/ opcode   0
-----------------------
NUM=26
OPC=OPC_BRANCH
INST=0xfcf746e3
PC=0x0001009c
-----------------------
NUM=29
OPC=OPC_LOAD
INST=0xfec42783
x15=0x00000000
PC=0x000100a0
-----------------------
NUM=31
OPC=OPC_STORE
INST=0xfef42023
M[0xffffffc0]=0x00000000
PC=0x000100a4
-----------------------
NUM=32
OPC=OPC_LOAD
INST=0xfe842783
x15=0x00000001
PC=0x000100a8
-----------------------
NUM=34
OPC=OPC_STORE
INST=0xfef42623
M[0xffffffcc]=0x00000001
PC=0x000100ac
-----------------------
NUM=35
OPC=OPC_LOAD
INST=0xfe042703
x14=0x00000000
PC=0x000100b0
-----------------------
NUM=36
OPC=OPC_LOAD
INST=0xfec42783
x15=0x00000001
PC=0x000100b4
-----------------------
NUM=38
OPC=OPC_R_TYPE
INST=0x00f707b3
x15=0x00000001
PC=0x000100b8
-----------------------
NUM=39
OPC=OPC_STORE
INST=0xfef42423
M[0xffffffc8]=0x00000001
PC=0x000100bc
-----------------------
NUM=40
OPC=OPC_LOAD
INST=0xfe442783
x15=0x00000002
PC=0x000100c0
-----------------------
NUM=42
OPC=OPC_I_TYPE
INST=0x00178793
x15=0x00000003
PC=0x000100c4
-----------------------
NUM=43
OPC=OPC_STORE
INST=0xfef42223
M[0xffffffc4]=0x00000003
PC=0x000100c8
-----------------------
NUM=44
OPC=OPC_LOAD
INST=0xfe442703
x14=0x00000003
PC=0x000100cc
-----------------------
NUM=45
OPC=OPC_LOAD
INST=0xfdc42783
x15=0x00000005
PC=0x000100d0
Warning: INST w/ opcode   0
-----------------------
NUM=47
OPC=OPC_BRANCH
INST=0xfcf746e3
PC=0x0001009c
-----------------------
NUM=50
OPC=OPC_LOAD
INST=0xfec42783
x15=0x00000001
PC=0x000100a0
-----------------------
NUM=52
OPC=OPC_STORE
INST=0xfef42023
M[0xffffffc0]=0x00000001
PC=0x000100a4
-----------------------
NUM=53
OPC=OPC_LOAD
INST=0xfe842783
x15=0x00000001
PC=0x000100a8
-----------------------
NUM=55
OPC=OPC_STORE
INST=0xfef42623
M[0xffffffcc]=0x00000001
PC=0x000100ac
-----------------------
NUM=56
OPC=OPC_LOAD
INST=0xfe042703
x14=0x00000001
PC=0x000100b0
-----------------------
NUM=57
OPC=OPC_LOAD
INST=0xfec42783
x15=0x00000001
PC=0x000100b4
-----------------------
NUM=59
OPC=OPC_R_TYPE
INST=0x00f707b3
x15=0x00000002
PC=0x000100b8
-----------------------
NUM=60
OPC=OPC_STORE
INST=0xfef42423
M[0xffffffc8]=0x00000002
PC=0x000100bc
-----------------------
NUM=61
OPC=OPC_LOAD
INST=0xfe442783
x15=0x00000003
PC=0x000100c0
-----------------------
NUM=63
OPC=OPC_I_TYPE
INST=0x00178793
x15=0x00000004
PC=0x000100c4
-----------------------
NUM=64
OPC=OPC_STORE
INST=0xfef42223
M[0xffffffc4]=0x00000004
PC=0x000100c8
-----------------------
NUM=65
OPC=OPC_LOAD
INST=0xfe442703
x14=0x00000004
PC=0x000100cc
-----------------------
NUM=66
OPC=OPC_LOAD
INST=0xfdc42783
x15=0x00000005
PC=0x000100d0
Warning: INST w/ opcode   0
-----------------------
NUM=68
OPC=OPC_BRANCH
INST=0xfcf746e3
PC=0x0001009c
-----------------------
NUM=71
OPC=OPC_LOAD
INST=0xfec42783
x15=0x00000001
PC=0x000100a0
-----------------------
NUM=73
OPC=OPC_STORE
INST=0xfef42023
M[0xffffffc0]=0x00000001
PC=0x000100a4
-----------------------
NUM=74
OPC=OPC_LOAD
INST=0xfe842783
x15=0x00000002
PC=0x000100a8
-----------------------
NUM=76
OPC=OPC_STORE
INST=0xfef42623
M[0xffffffcc]=0x00000002
PC=0x000100ac
-----------------------
NUM=77
OPC=OPC_LOAD
INST=0xfe042703
x14=0x00000001
PC=0x000100b0
-----------------------
NUM=78
OPC=OPC_LOAD
INST=0xfec42783
x15=0x00000002
PC=0x000100b4
-----------------------
NUM=80
OPC=OPC_R_TYPE
INST=0x00f707b3
x15=0x00000003
PC=0x000100b8
-----------------------
NUM=81
OPC=OPC_STORE
INST=0xfef42423
M[0xffffffc8]=0x00000003
PC=0x000100bc
-----------------------
NUM=82
OPC=OPC_LOAD
INST=0xfe442783
x15=0x00000004
PC=0x000100c0
-----------------------
NUM=84
OPC=OPC_I_TYPE
INST=0x00178793
x15=0x00000005
PC=0x000100c4
-----------------------
NUM=85
OPC=OPC_STORE
INST=0xfef42223
M[0xffffffc4]=0x00000005
PC=0x000100c8
-----------------------
NUM=86
OPC=OPC_LOAD
INST=0xfe442703
x14=0x00000005
PC=0x000100cc
-----------------------
NUM=87
OPC=OPC_LOAD
INST=0xfdc42783
x15=0x00000005
PC=0x000100d0
-----------------------
NUM=89
OPC=OPC_BRANCH
INST=0xfcf746e3
PC=0x000100d4
-----------------------
NUM=90
OPC=OPC_LOAD
INST=0xfe842783
x15=0x00000003
PC=0x000100d8
-----------------------
NUM=92
OPC=OPC_I_TYPE
INST=0x00078513
x10=0x00000003
PC=0x000100dc
-----------------------
NUM=93
OPC=OPC_LOAD
INST=0x02c12403
x8=0x00000000
PC=0x000100e0
Warning: INST w/ opcode   0
-----------------------
NUM=94
OPC=OPC_I_TYPE
INST=0x03010113
x2=0xffffffe0
PC=0x000100e4
-----------------------
NUM=95
OPC=OPC_JALR
INST=0x00008067
PC=0x00010100
-----------------------
NUM=98
OPC=OPC_STORE
INST=0xfea42623
M[0xffffffec]=0x00000003
PC=0x00010104
-----------------------
NUM=99
OPC=OPC_I_TYPE
INST=0x00000013
PC=0x00010108
-----------------------
NUM=100
OPC=OPC_I_TYPE
INST=0x00000013
PC=0x0001010c
-----------------------
NUM=101
OPC=OPC_SYSTEM
INST=0x00000073
PC=0x00010110

Caught halt signal at WB stage. Exiting...
- datapath.v:176: Verilog $finish
